<?xml version="1.0" encoding="UTF-8"?>
<testsuite xmlns:xsi="http://www.w3.org/2001/XMLSchema-instance" xsi:noNamespaceSchemaLocation="https://maven.apache.org/surefire/maven-surefire-plugin/xsd/surefire-test-report.xsd" name="com.mycompany.myapp.jarmodule.CoreTest" time="0.125" tests="2" errors="0" skipped="0" failures="0">
  <properties>
[...]
</properties>
  <testcase name="currentTime_now_isReturnedOnCorrectFormat" classname="com.mycompany.myapp.jarmodule.CoreTest" time="0.093"/>
  <testcase name="calculateAge_givenDates_correctAgeReturned" classname="com.mycompany.myapp.jarmodule.CoreTest" time="0.016"/>
</testsuite>